Number of : anxiety = 5
Number of : arrhythmias = 3
Number of : blindness = 1
Number of : blurred vision = 5
Number of : constricted pupils = 3
Number of : cough = 6
Number of : dialated pupils = 4
Number of : dizziness = 5
Number of : dry mouth = 8
Number of : fever = 7
Number of : headache = 3
Number of : high blood pressure = 10
Number of : inflamation = 7
Number of : insomnia = 4
Number of : low blood pressure = 4
Number of : nausea = 5
Number of : rapid heart rate = 1
Number of : rash = 4
Number of : shortness of breath = 3
Number of : stiff neck = 4
Number of : stomach pain = 3
Number of : tremor = 4
Number of : water retention = 1
